RedPacket/build/outputs/logs/manifest-merger-debug-report.txt
-- Merging decision tree log ---
manifest
ADDED from src\main\AndroidManifest.xml:1:1-162:12
INJECTED from src\main\AndroidManifest.xml:1:1-162:12
INJECTED from src\main\AndroidManifest.xml:1:1-162:12
INJECTED from src\main\AndroidManifest.xml:1:1-162:12
INJECTED from src\main\AndroidManifest.xml:1:1-162:12
INJECTED from src\main\AndroidManifest.xml:1:1-162:12
INJECTED from src\main\AndroidManifest.xml:1:1-162:12
	package
		ADDED from src\main\AndroidManifest.xml:2:11-38
		INJECTED from src\main\AndroidManifest.xml
		INJECTED from src\main\AndroidManifest.xml
	android:versionName
		INJECTED from src\main\AndroidManifest.xml
		ADDED from src\main\AndroidManifest.xml:1:1-162:12
		INJECTED from src\main\AndroidManifest.xml
	android:versionCode
		INJECTED from src\main\AndroidManifest.xml
		ADDED from src\main\AndroidManifest.xml:1:1-162:12
		INJECTED from src\main\AndroidManifest.xml
	xmlns:android
		ADDED from src\main\AndroidManifest.xml:1:11-69
uses-permission#android.permission.INTERNET
ADDED from src\main\AndroidManifest.xml:4:5-67
	android:name
		ADDED from src\main\AndroidManifest.xml:4:22-64
uses-permission#android.permission.ACCESS_NETWORK_STATE
ADDED from src\main\AndroidManifest.xml:5:5-79
	android:name
		ADDED from src\main\AndroidManifest.xml:5:22-76
uses-permission#android.permission.ACCESS_WIFI_STATE
ADDED from src\main\AndroidManifest.xml:6:5-76
	android:name
		ADDED from src\main\AndroidManifest.xml:6:22-73
uses-permission#android.permission.READ_PHONE_STATE
ADDED from src\main\AndroidManifest.xml:7:5-75
	android:name
		ADDED from src\main\AndroidManifest.xml:7:22-72
uses-permission#android.permission.WRITE_EXTERNAL_STORAGE
ADDED from src\main\AndroidManifest.xml:8:5-81
	android:name
		ADDED from src\main\AndroidManifest.xml:8:22-78
uses-permission#android.permission.READ_EXTERNAL_STORAGE
ADDED from src\main\AndroidManifest.xml:9:5-80
	android:name
		ADDED from src\main\AndroidManifest.xml:9:22-77
uses-permission#android.permission.ACCESS_FINE_LOCATION
ADDED from src\main\AndroidManifest.xml:10:5-79
	android:name
		ADDED from src\main\AndroidManifest.xml:10:22-76
uses-permission#android.permission.ACCESS_COARSE_LOCATION
ADDED from src\main\AndroidManifest.xml:11:5-81
	android:name
		ADDED from src\main\AndroidManifest.xml:11:22-78
application
ADDED from src\main\AndroidManifest.xml:14:5-160:19
activity#com.jrmf360.rylib.rp.ui.AddCardActivity
ADDED from src\main\AndroidManifest.xml:15:9-17:76
	android:configChanges
		ADDED from src\main\AndroidManifest.xml:17:13-74
	android:name
		ADDED from src\main\AndroidManifest.xml:16:13-67
activity#com.jrmf360.rylib.rp.ui.AddCardFirsstActivity
ADDED from src\main\AndroidManifest.xml:18:9-20:76
	android:configChanges
		ADDED from src\main\AndroidManifest.xml:20:13-74
	android:name
		ADDED from src\main\AndroidManifest.xml:19:13-73
activity#com.jrmf360.rylib.rp.ui.AddCardSecondActivity
ADDED from src\main\AndroidManifest.xml:21:9-23:76
	android:configChanges
		ADDED from src\main\AndroidManifest.xml:23:13-74
	android:name
		ADDED from src\main\AndroidManifest.xml:22:13-73
activity#com.jrmf360.rylib.rp.ui.BankCardListActivity
ADDED from src\main\AndroidManifest.xml:24:9-26:76
	android:configChanges
		ADDED from src\main\AndroidManifest.xml:26:13-74
	android:name
		ADDED from src\main\AndroidManifest.xml:25:13-72
activity#com.jrmf360.rylib.rp.ui.EnBrowserActivity
ADDED from src\main\AndroidManifest.xml:27:9-29:76
	android:configChanges
		ADDED from src\main\AndroidManifest.xml:29:13-74
	android:name
		ADDED from src\main\AndroidManifest.xml:28:13-69
activity#com.jrmf360.rylib.rp.ui.PayTypeActivity
ADDED from src\main\AndroidManifest.xml:30:9-34:76
	android:windowSoftInputMode
		ADDED from src\main\AndroidManifest.xml:33:13-55
	android:configChanges
		ADDED from src\main\AndroidManifest.xml:34:13-74
	android:theme
		ADDED from src\main\AndroidManifest.xml:32:13-47
	android:name
		ADDED from src\main\AndroidManifest.xml:31:13-67
activity#com.jrmf360.rylib.rp.ui.TransPayActivity
ADDED from src\main\AndroidManifest.xml:35:9-40:76
	android:launchMode
		ADDED from src\main\AndroidManifest.xml:37:13-44
	android:windowSoftInputMode
		ADDED from src\main\AndroidManifest.xml:39:13-55
	android:configChanges
		ADDED from src\main\AndroidManifest.xml:40:13-74
	android:theme
		ADDED from src\main\AndroidManifest.xml:38:13-47
	android:name
		ADDED from src\main\AndroidManifest.xml:36:13-68
activity#com.jrmf360.rylib.rp.ui.RealNameActivity
ADDED from src\main\AndroidManifest.xml:41:9-43:76
	android:configChanges
		ADDED from src\main\AndroidManifest.xml:43:13-74
	android:name
		ADDED from src\main\AndroidManifest.xml:42:13-68
activity#com.jrmf360.rylib.rp.ui.ResetPswdActivity
ADDED from src\main\AndroidManifest.xml:45:9-47:76
	android:configChanges
		ADDED from src\main\AndroidManifest.xml:47:13-74
	android:name
		ADDED from src\main\AndroidManifest.xml:46:13-69
activity#com.jrmf360.rylib.rp.ui.SendGroupEnvelopesActivity
ADDED from src\main\AndroidManifest.xml:48:9-50:76
	android:configChanges
		ADDED from src\main\AndroidManifest.xml:50:13-74
	android:name
		ADDED from src\main\AndroidManifest.xml:49:13-78
activity#com.jrmf360.rylib.rp.ui.SendSingleEnvelopesActivity
ADDED from src\main\AndroidManifest.xml:51:9-53:76
	android:configChanges
		ADDED from src\main\AndroidManifest.xml:53:13-74
	android:name
		ADDED from src\main\AndroidManifest.xml:52:13-79
activity#com.jrmf360.rylib.rp.ui.SettingPswdActivity
ADDED from src\main\AndroidManifest.xml:54:9-56:76
	android:configChanges
		ADDED from src\main\AndroidManifest.xml:56:13-74
	android:name
		ADDED from src\main\AndroidManifest.xml:55:13-71
activity#com.jrmf360.rylib.rp.ui.RpDetailActivity
ADDED from src\main\AndroidManifest.xml:57:9-59:76
	android:configChanges
		ADDED from src\main\AndroidManifest.xml:59:13-74
	android:name
		ADDED from src\main\AndroidManifest.xml:58:13-68
activity#com.jrmf360.rylib.rp.ui.MyRpActivity
ADDED from src\main\AndroidManifest.xml:60:9-62:76
	android:configChanges
		ADDED from src\main\AndroidManifest.xml:62:13-74
	android:name
		ADDED from src\main\AndroidManifest.xml:61:13-64
activity#com.jrmf360.rylib.rp.ui.FindPwdByInfoActivity
ADDED from src\main\AndroidManifest.xml:63:9-65:76
	android:configChanges
		ADDED from src\main\AndroidManifest.xml:65:13-74
	android:name
		ADDED from src\main\AndroidManifest.xml:64:13-73
activity#com.jrmf360.rylib.rp.ui.TransAccountActivity
ADDED from src\main\AndroidManifest.xml:66:9-68:76
	android:configChanges
		ADDED from src\main\AndroidManifest.xml:68:13-74
	android:name
		ADDED from src\main\AndroidManifest.xml:67:13-72
activity#com.jrmf360.rylib.rp.ui.TransSuccActivity
ADDED from src\main\AndroidManifest.xml:69:9-71:76
	android:configChanges
		ADDED from src\main\AndroidManifest.xml:71:13-74
	android:name
		ADDED from src\main\AndroidManifest.xml:70:13-69
activity#com.jrmf360.rylib.rp.ui.TransDetailActivity
ADDED from src\main\AndroidManifest.xml:72:9-74:76
	android:configChanges
		ADDED from src\main\AndroidManifest.xml:74:13-74
	android:name
		ADDED from src\main\AndroidManifest.xml:73:13-71
activity#com.jrmf360.rylib.wallet.ui.MyWalletActivity
ADDED from src\main\AndroidManifest.xml:78:9-81:77
	android:launchMode
		ADDED from src\main\AndroidManifest.xml:80:13-44
	android:configChanges
		ADDED from src\main\AndroidManifest.xml:81:13-74
	android:name
		ADDED from src\main\AndroidManifest.xml:79:13-72
activity#com.jrmf360.rylib.wallet.ui.AccountInfoActivity
ADDED from src\main\AndroidManifest.xml:82:9-84:76
	android:configChanges
		ADDED from src\main\AndroidManifest.xml:84:13-74
	android:name
		ADDED from src\main\AndroidManifest.xml:83:13-75
activity#com.jrmf360.rylib.wallet.ui.TradeHistoryActivity
ADDED from src\main\AndroidManifest.xml:85:9-87:76
	android:configChanges
		ADDED from src\main\AndroidManifest.xml:87:13-74
	android:name
		ADDED from src\main\AndroidManifest.xml:86:13-76
activity#com.jrmf360.rylib.wallet.ui.SecureSettingActivity
ADDED from src\main\AndroidManifest.xml:88:9-90:76
	android:configChanges
		ADDED from src\main\AndroidManifest.xml:90:13-74
	android:name
		ADDED from src\main\AndroidManifest.xml:89:13-77
activity#com.jrmf360.rylib.wallet.ui.SetPayPwdActivity
ADDED from src\main\AndroidManifest.xml:91:9-93:76
	android:configChanges
		ADDED from src\main\AndroidManifest.xml:93:13-74
	android:name
		ADDED from src\main\AndroidManifest.xml:92:13-73
activity#com.jrmf360.rylib.wallet.ui.IdentityAuthenActivity
ADDED from src\main\AndroidManifest.xml:94:9-96:76
	android:configChanges
		ADDED from src\main\AndroidManifest.xml:96:13-74
	android:name
		ADDED from src\main\AndroidManifest.xml:95:13-78
activity#com.jrmf360.rylib.wallet.ui.UpdatePwdActivity
ADDED from src\main\AndroidManifest.xml:97:9-99:76
	android:configChanges
		ADDED from src\main\AndroidManifest.xml:99:13-74
	android:name
		ADDED from src\main\AndroidManifest.xml:98:13-73
activity#com.jrmf360.rylib.wallet.ui.GetPwdActivity
ADDED from src\main\AndroidManifest.xml:100:9-102:76
	android:configChanges
		ADDED from src\main\AndroidManifest.xml:102:13-74
	android:name
		ADDED from src\main\AndroidManifest.xml:101:13-70
activity#com.jrmf360.rylib.wallet.ui.SupportBankCardActivity
ADDED from src\main\AndroidManifest.xml:103:9-105:76
	android:configChanges
		ADDED from src\main\AndroidManifest.xml:105:13-74
	android:name
		ADDED from src\main\AndroidManifest.xml:104:13-79
activity#com.jrmf360.rylib.wallet.ui.BankSettingActivity
ADDED from src\main\AndroidManifest.xml:106:9-108:76
	android:configChanges
		ADDED from src\main\AndroidManifest.xml:108:13-74
	android:name
		ADDED from src\main\AndroidManifest.xml:107:13-75
activity#com.jrmf360.rylib.wallet.ui.AddCardSecondActivity
ADDED from src\main\AndroidManifest.xml:109:9-111:76
	android:configChanges
		ADDED from src\main\AndroidManifest.xml:111:13-74
	android:name
		ADDED from src\main\AndroidManifest.xml:110:13-77
activity#com.jrmf360.rylib.wallet.ui.AddCardFirstActivity
ADDED from src\main\AndroidManifest.xml:112:9-114:76
	android:configChanges
		ADDED from src\main\AndroidManifest.xml:114:13-74
	android:name
		ADDED from src\main\AndroidManifest.xml:113:13-76
activity#com.jrmf360.rylib.wallet.ui.RechargeActivity
ADDED from src\main\AndroidManifest.xml:115:9-117:76
	android:configChanges
		ADDED from src\main\AndroidManifest.xml:117:13-74
	android:name
		ADDED from src\main\AndroidManifest.xml:116:13-72
activity#com.jrmf360.rylib.wallet.ui.GetDepositActivity
ADDED from src\main\AndroidManifest.xml:119:9-122:76
	android:windowSoftInputMode
		ADDED from src\main\AndroidManifest.xml:121:13-67
	android:configChanges
		ADDED from src\main\AndroidManifest.xml:122:13-74
	android:name
		ADDED from src\main\AndroidManifest.xml:120:13-74
activity#com.jrmf360.rylib.wallet.ui.PwdCheckActivity
ADDED from src\main\AndroidManifest.xml:123:9-125:76
	android:configChanges
		ADDED from src\main\AndroidManifest.xml:125:13-74
	android:name
		ADDED from src\main\AndroidManifest.xml:124:13-72
activity#com.jrmf360.rylib.wallet.ui.MyRpActivity
ADDED from src\main\AndroidManifest.xml:126:9-128:76
	android:configChanges
		ADDED from src\main\AndroidManifest.xml:128:13-74
	android:name
		ADDED from src\main\AndroidManifest.xml:127:13-68
activity#com.jrmf360.rylib.wallet.ui.SelectSubBankActivity
ADDED from src\main\AndroidManifest.xml:129:9-131:76
	android:configChanges
		ADDED from src\main\AndroidManifest.xml:131:13-74
	android:name
		ADDED from src\main\AndroidManifest.xml:130:13-77
activity#com.jrmf360.rylib.wallet.ui.WebViewActivity
ADDED from src\main\AndroidManifest.xml:132:9-134:76
	android:configChanges
		ADDED from src\main\AndroidManifest.xml:134:13-74
	android:name
		ADDED from src\main\AndroidManifest.xml:133:13-71
activity#com.jrmf360.rylib.wallet.ui.TradeDetailActivity
ADDED from src\main\AndroidManifest.xml:135:9-137:76
	android:configChanges
		ADDED from src\main\AndroidManifest.xml:137:13-74
	android:name
		ADDED from src\main\AndroidManifest.xml:136:13-75
activity#com.alipay.sdk.app.H5PayActivity
ADDED from src\main\AndroidManifest.xml:143:9-150:20
	android:screenOrientation
		ADDED from src\main\AndroidManifest.xml:147:13-47
	android:windowSoftInputMode
		ADDED from src\main\AndroidManifest.xml:148:13-67
	android:exported
		ADDED from src\main\AndroidManifest.xml:146:13-37
	android:configChanges
		ADDED from src\main\AndroidManifest.xml:145:13-85
	android:name
		ADDED from src\main\AndroidManifest.xml:144:13-60
activity#com.alipay.sdk.auth.AuthActivity
ADDED from src\main\AndroidManifest.xml:151:9-157:20
	android:screenOrientation
		ADDED from src\main\AndroidManifest.xml:155:13-47
	android:exported
		ADDED from src\main\AndroidManifest.xml:154:13-37
	android:configChanges
		ADDED from src\main\AndroidManifest.xml:153:13-74
	android:name
		ADDED from src\main\AndroidManifest.xml:152:13-60
uses-sdk
INJECTED from src\main\AndroidManifest.xml reason: use-sdk injection requested
INJECTED from src\main\AndroidManifest.xml
INJECTED from src\main\AndroidManifest.xml
INJECTED from src\main\AndroidManifest.xml
INJECTED from src\main\AndroidManifest.xml
	android:targetSdkVersion
		INJECTED from src\main\AndroidManifest.xml
		ADDED from src\main\AndroidManifest.xml
		INJECTED from src\main\AndroidManifest.xml
	android:minSdkVersion
		INJECTED from src\main\AndroidManifest.xml
		ADDED from src\main\AndroidManifest.xml
		INJECTED from src\main\AndroidManifest.xml